<?xml version="1.0" encoding="UTF-8"?>
<testng-results skipped="0" failed="0" ignored="0" total="3" passed="3">
  <reporter-output>
  </reporter-output>
  <suite name="Suite" duration-ms="97121" started-at="2017-08-26T18:17:26Z" finished-at="2017-08-26T18:19:03Z">
    <groups>
    </groups>
    <test name="Test" duration-ms="65583" started-at="2017-08-26T18:17:26Z" finished-at="2017-08-26T18:18:31Z">
      <class name="com.nikhil.MavenOne.Tracko">
        <test-method status="PASS" signature="abc(java.lang.String)[pri:0, instance:com.nikhil.MavenOne.Tracko@41eaa2]" name="abc" is-config="true" duration-ms="65290" started-at="2017-08-26T23:47:26Z" finished-at="2017-08-26T23:48:31Z">
          <params>
            <param index="0">
              <value>
                <![CDATA[ChromeXYZ]]>
              </value>
            </param>
          </params>
          <reporter-output>
          </reporter-output>
        </test-method> <!-- abc -->
        <test-method status="PASS" signature="f()[pri:0, instance:com.nikhil.MavenOne.Tracko@41eaa2]" name="f" duration-ms="7" started-at="2017-08-26T23:48:31Z" finished-at="2017-08-26T23:48:31Z">
          <reporter-output>
          </reporter-output>
        </test-method> <!-- f -->
        <test-method status="PASS" signature="afterClass()[pri:0, instance:com.nikhil.MavenOne.Tracko@41eaa2]" name="afterClass" is-config="true" duration-ms="254" started-at="2017-08-26T23:48:31Z" finished-at="2017-08-26T23:48:31Z">
          <reporter-output>
          </reporter-output>
        </test-method> <!-- afterClass -->
      </class> <!-- com.nikhil.MavenOne.Tracko -->
    </test> <!-- Test -->
    <test name="Test1" duration-ms="24028" started-at="2017-08-26T18:18:31Z" finished-at="2017-08-26T18:18:55Z">
      <class name="com.nikhil.MavenOne.Tracko">
        <test-method status="PASS" signature="abc(java.lang.String)[pri:0, instance:com.nikhil.MavenOne.Tracko@1341870]" name="abc" is-config="true" duration-ms="23899" started-at="2017-08-26T23:48:31Z" finished-at="2017-08-26T23:48:55Z">
          <params>
            <param index="0">
              <value>
                <![CDATA[firefox]]>
              </value>
            </param>
          </params>
          <reporter-output>
          </reporter-output>
        </test-method> <!-- abc -->
        <test-method status="PASS" signature="f()[pri:0, instance:com.nikhil.MavenOne.Tracko@1341870]" name="f" duration-ms="1" started-at="2017-08-26T23:48:55Z" finished-at="2017-08-26T23:48:55Z">
          <reporter-output>
          </reporter-output>
        </test-method> <!-- f -->
        <test-method status="FAIL" signature="afterClass()[pri:0, instance:com.nikhil.MavenOne.Tracko@1341870]" name="afterClass" is-config="true" duration-ms="81" started-at="2017-08-26T23:48:55Z" finished-at="2017-08-26T23:48:55Z">
          <exception class="org.openqa.selenium.NoSuchWindowException">
            <message>
              <![CDATA[Unable to locate window
Build info: version: '3.4.0', revision: 'unknown', time: 'unknown'
System info: host: 'SHREEYA-MALHAR', ip: '192.168.43.162', os.name: 'Windows 8.1', os.arch: 'x86', os.version: '6.3', java.version: '1.8.0_144'
Driver info: org.openqa.selenium.firefox.FirefoxDriver
Capabilities [{moz:profile=C:\Users\MALHAR-SHREEYA\AppData\Local\Temp\rust_mozprofile.vtuOSbT8cKw8, rotatable=false, timeouts={implicit=0.0, pageLoad=300000.0, script=30000.0}, pageLoadStrategy=normal, moz:headless=false, platform=ANY, specificationLevel=0.0, moz:accessibilityChecks=false, acceptInsecureCerts=false, browserVersion=56.0, platformVersion=6.3, moz:processID=164.0, browserName=firefox, javascriptEnabled=true, platformName=windows_nt}]
Session ID: 512cfcbf-57d6-495d-8cba-3dfc85688a59]]>
            </message>
            <full-stacktrace>
              <![CDATA[org.openqa.selenium.NoSuchWindowException: Unable to locate window
Build info: version: '3.4.0', revision: 'unknown', time: 'unknown'
System info: host: 'SHREEYA-MALHAR', ip: '192.168.43.162', os.name: 'Windows 8.1', os.arch: 'x86', os.version: '6.3', java.version: '1.8.0_144'
Driver info: org.openqa.selenium.firefox.FirefoxDriver
Capabilities [{moz:profile=C:\Users\MALHAR-SHREEYA\AppData\Local\Temp\rust_mozprofile.vtuOSbT8cKw8, rotatable=false, timeouts={implicit=0.0, pageLoad=300000.0, script=30000.0}, pageLoadStrategy=normal, moz:headless=false, platform=ANY, specificationLevel=0.0, moz:accessibilityChecks=false, acceptInsecureCerts=false, browserVersion=56.0, platformVersion=6.3, moz:processID=164.0, browserName=firefox, javascriptEnabled=true, platformName=windows_nt}]
Session ID: 512cfcbf-57d6-495d-8cba-3dfc85688a59
	at sun.reflect.NativeConstructorAccessorImpl.newInstance0(Native Method)
	at sun.reflect.NativeConstructorAccessorImpl.newInstance(NativeConstructorAccessorImpl.java:62)
	at sun.reflect.DelegatingConstructorAccessorImpl.newInstance(DelegatingConstructorAccessorImpl.java:45)
	at java.lang.reflect.Constructor.newInstance(Constructor.java:423)
	at org.openqa.selenium.remote.http.W3CHttpResponseCodec.createException(W3CHttpResponseCodec.java:150)
	at org.openqa.selenium.remote.http.W3CHttpResponseCodec.decode(W3CHttpResponseCodec.java:115)
	at org.openqa.selenium.remote.http.W3CHttpResponseCodec.decode(W3CHttpResponseCodec.java:45)
	at org.openqa.selenium.remote.HttpCommandExecutor.execute(HttpCommandExecutor.java:164)
	at org.openqa.selenium.remote.service.DriverCommandExecutor.execute(DriverCommandExecutor.java:82)
	at org.openqa.selenium.remote.RemoteWebDriver.execute(RemoteWebDriver.java:637)
	at org.openqa.selenium.remote.RemoteWebDriver.execute(RemoteWebDriver.java:694)
	at org.openqa.selenium.remote.RemoteWebDriver.close(RemoteWebDriver.java:523)
	at com.nikhil.MavenOne.Tracko.afterClass(Tracko.java:74)
	at sun.reflect.NativeMethodAccessorImpl.invoke0(Native Method)
	at sun.reflect.NativeMethodAccessorImpl.invoke(NativeMethodAccessorImpl.java:62)
	at sun.reflect.DelegatingMethodAccessorImpl.invoke(DelegatingMethodAccessorImpl.java:43)
	at java.lang.reflect.Method.invoke(Method.java:498)
	at org.testng.internal.MethodInvocationHelper.invokeMethod(MethodInvocationHelper.java:108)
	at org.testng.internal.Invoker.invokeConfigurationMethod(Invoker.java:523)
	at org.testng.internal.Invoker.invokeConfigurations(Invoker.java:224)
	at org.testng.internal.Invoker.invokeConfigurations(Invoker.java:146)
	at org.testng.internal.TestMethodWorker.invokeAfterClassMethods(TestMethodWorker.java:212)
	at org.testng.internal.TestMethodWorker.run(TestMethodWorker.java:112)
	at org.testng.TestRunner.privateRun(TestRunner.java:744)
	at org.testng.TestRunner.run(TestRunner.java:602)
	at org.testng.SuiteRunner.runTest(SuiteRunner.java:380)
	at org.testng.SuiteRunner.runSequentially(SuiteRunner.java:375)
	at org.testng.SuiteRunner.privateRun(SuiteRunner.java:340)
	at org.testng.SuiteRunner.run(SuiteRunner.java:289)
	at org.testng.SuiteRunnerWorker.runSuite(SuiteRunnerWorker.java:52)
	at org.testng.SuiteRunnerWorker.run(SuiteRunnerWorker.java:86)
	at org.testng.TestNG.runSuitesSequentially(TestNG.java:1301)
	at org.testng.TestNG.runSuitesLocally(TestNG.java:1226)
	at org.testng.TestNG.runSuites(TestNG.java:1144)
	at org.testng.TestNG.run(TestNG.java:1115)
	at org.testng.remote.AbstractRemoteTestNG.run(AbstractRemoteTestNG.java:132)
	at org.testng.remote.RemoteTestNG.initAndRun(RemoteTestNG.java:230)
	at org.testng.remote.RemoteTestNG.main(RemoteTestNG.java:76)
]]>
            </full-stacktrace>
          </exception> <!-- org.openqa.selenium.NoSuchWindowException -->
          <reporter-output>
          </reporter-output>
        </test-method> <!-- afterClass -->
      </class> <!-- com.nikhil.MavenOne.Tracko -->
    </test> <!-- Test1 -->
    <test name="Test2" duration-ms="7291" started-at="2017-08-26T18:18:55Z" finished-at="2017-08-26T18:19:03Z">
      <class name="com.nikhil.MavenOne.Tracko">
        <test-method status="PASS" signature="abc(java.lang.String)[pri:0, instance:com.nikhil.MavenOne.Tracko@2a079c]" name="abc" is-config="true" duration-ms="7266" started-at="2017-08-26T23:48:55Z" finished-at="2017-08-26T23:49:03Z">
          <params>
            <param index="0">
              <value>
                <![CDATA[IE]]>
              </value>
            </param>
          </params>
          <reporter-output>
          </reporter-output>
        </test-method> <!-- abc -->
        <test-method status="PASS" signature="f()[pri:0, instance:com.nikhil.MavenOne.Tracko@2a079c]" name="f" duration-ms="2" started-at="2017-08-26T23:49:03Z" finished-at="2017-08-26T23:49:03Z">
          <reporter-output>
          </reporter-output>
        </test-method> <!-- f -->
        <test-method status="PASS" signature="afterClass()[pri:0, instance:com.nikhil.MavenOne.Tracko@2a079c]" name="afterClass" is-config="true" duration-ms="15" started-at="2017-08-26T23:49:03Z" finished-at="2017-08-26T23:49:03Z">
          <reporter-output>
          </reporter-output>
        </test-method> <!-- afterClass -->
      </class> <!-- com.nikhil.MavenOne.Tracko -->
    </test> <!-- Test2 -->
  </suite> <!-- Suite -->
</testng-results>
